ISim log file
Running: E:\xillyFIFO_test2-master\Ctrl_isim_beh.exe -intstyle ise -gui -tclbatch isim.cmd -wdb E:/xillyFIFO_test2-master/Ctrl_isim_beh.wdb 
ISim P.58f (signature 0x7708f090)
This is a Full version of ISim.
Time resolution is 1 ps
# onerror resume
# wave add /
# run 1000 ns
Simulator is doing circuit initialization process.
Finished circuit initialization process.
# isim force add /Ctrl/clk 1 -radix bin -value 0 -radix bin -time 5 ns -repeat 10 ns
# isim force add /Ctrl/clk 1 -radix bin -value 0 -radix bin -time 5 ns -repeat 10 ns
# isim force add /Ctrl/prg_full 1 -radix bin -cancel 250 ns
# isim force add /Ctrl/prg_full 1 -radix bin -cancel 250 ns
# run all
Stopped at time : 7674470 ns : File "E:/xillyFIFO_test2-master/ctrl_mod.v" Line 32
# isim force add /Ctrl/prg_full 1 -radix bin -cancel 250 ns
# isim force add /Ctrl/prg_full 1 -radix bin -cancel 250 ns
# run all
Stopped at time : 24572660 ns : File "E:/xillyFIFO_test2-master/ctrl_mod.v" Line 32
